The system is: Darwin - 14.5.0 - x86_64
Compiling the C compiler identification source file "CMakeCCompilerId.c" succeeded.
Compiler: /Applications/Xcode.app/Contents/Developer/Toolchains/XcodeDefault.xctoolchain/usr/bin/cc 
Build flags: 
Id flags: 

The output was:
0


Compilation of the C compiler identification source "CMakeCCompilerId.c" produced "a.out"

The C compiler identification is AppleClang, found in "/Users/post/code/joshua/src/kenlm/CMakeFiles/3.3.1/CompilerIdC/a.out"

Compiling the CXX compiler identification source file "CMakeCXXCompilerId.cpp" succeeded.
Compiler: /Applications/Xcode.app/Contents/Developer/usr/bin/g++ 
Build flags: ;-DNDEBUG;-O3;-fPIC;-DHAVE_ZLIB
Id flags: 

The output was:
0


Compilation of the CXX compiler identification source "CMakeCXXCompilerId.cpp" produced "a.out"

The CXX compiler identification is AppleClang, found in "/Users/post/code/joshua/src/kenlm/CMakeFiles/3.3.1/CompilerIdCXX/a.out"

Determining if the C compiler works passed with the following output:
Change Dir: /Users/post/code/joshua/src/kenlm/CMakeFiles/CMakeTmp

Run Build Command:"/opt/local/bin/gmake" "cmTC_5fb24/fast"
/opt/local/bin/gmake -f CMakeFiles/cmTC_5fb24.dir/build.make CMakeFiles/cmTC_5fb24.dir/build
gmake[1]: Entering directory '/Users/post/code/joshua/src/kenlm/CMakeFiles/CMakeTmp'
Building C object CMakeFiles/cmTC_5fb24.dir/testCCompiler.c.o
/Applications/Xcode.app/Contents/Developer/Toolchains/XcodeDefault.xctoolchain/usr/bin/cc    -o CMakeFiles/cmTC_5fb24.dir/testCCompiler.c.o   -c /Users/post/code/joshua/src/kenlm/CMakeFiles/CMakeTmp/testCCompiler.c
Linking C executable cmTC_5fb24
/opt/local/bin/cmake -E cmake_link_script CMakeFiles/cmTC_5fb24.dir/link.txt --verbose=1
/Applications/Xcode.app/Contents/Developer/Toolchains/XcodeDefault.xctoolchain/usr/bin/cc    -Wl,-search_paths_first -Wl,-headerpad_max_install_names   -lz  CMakeFiles/cmTC_5fb24.dir/testCCompiler.c.o  -o cmTC_5fb24  
gmake[1]: Leaving directory '/Users/post/code/joshua/src/kenlm/CMakeFiles/CMakeTmp'


Detecting C compiler ABI info compiled with the following output:
Change Dir: /Users/post/code/joshua/src/kenlm/CMakeFiles/CMakeTmp

Run Build Command:"/opt/local/bin/gmake" "cmTC_d4cfd/fast"
/opt/local/bin/gmake -f CMakeFiles/cmTC_d4cfd.dir/build.make CMakeFiles/cmTC_d4cfd.dir/build
gmake[1]: Entering directory '/Users/post/code/joshua/src/kenlm/CMakeFiles/CMakeTmp'
Building C object CMakeFiles/cmTC_d4cfd.dir/CMakeCCompilerABI.c.o
/Applications/Xcode.app/Contents/Developer/Toolchains/XcodeDefault.xctoolchain/usr/bin/cc    -o CMakeFiles/cmTC_d4cfd.dir/CMakeCCompilerABI.c.o   -c /opt/local/share/cmake-3.3/Modules/CMakeCCompilerABI.c
Linking C executable cmTC_d4cfd
/opt/local/bin/cmake -E cmake_link_script CMakeFiles/cmTC_d4cfd.dir/link.txt --verbose=1
/Applications/Xcode.app/Contents/Developer/Toolchains/XcodeDefault.xctoolchain/usr/bin/cc    -Wl,-search_paths_first -Wl,-headerpad_max_install_names   -lz -v -Wl,-v CMakeFiles/cmTC_d4cfd.dir/CMakeCCompilerABI.c.o  -o cmTC_d4cfd   
Apple LLVM version 7.0.0 (clang-700.0.72)
Target: x86_64-apple-darwin14.5.0
Thread model: posix
 "/Applications/Xcode.app/Contents/Developer/Toolchains/XcodeDefault.xctoolchain/usr/bin/ld" -demangle -dynamic -arch x86_64 -macosx_version_min 10.10.0 -o cmTC_d4cfd -search_paths_first -headerpad_max_install_names -lz -v CMakeFiles/cmTC_d4cfd.dir/CMakeCCompilerABI.c.o -lSystem /Applications/Xcode.app/Contents/Developer/Toolchains/XcodeDefault.xctoolchain/usr/bin/../lib/clang/7.0.0/lib/darwin/libclang_rt.osx.a
@(#)PROGRAM:ld  PROJECT:ld64-253.3
configured to support archs: armv6 armv7 armv7s arm64 i386 x86_64 x86_64h armv6m armv7k armv7m armv7em
Library search paths:
	/usr/lib
	/usr/local/lib
Framework search paths:
	/Library/Frameworks/
	/System/Library/Frameworks/
gmake[1]: Leaving directory '/Users/post/code/joshua/src/kenlm/CMakeFiles/CMakeTmp'


Parsed C implicit link information from above output:
  link line regex: [^( *|.*[/\])(ld|([^/\]+-)?ld|collect2)[^/\]*( |$)]
  ignore line: [Change Dir: /Users/post/code/joshua/src/kenlm/CMakeFiles/CMakeTmp]
  ignore line: []
  ignore line: [Run Build Command:"/opt/local/bin/gmake" "cmTC_d4cfd/fast"]
  ignore line: [/opt/local/bin/gmake -f CMakeFiles/cmTC_d4cfd.dir/build.make CMakeFiles/cmTC_d4cfd.dir/build]
  ignore line: [gmake[1]: Entering directory '/Users/post/code/joshua/src/kenlm/CMakeFiles/CMakeTmp']
  ignore line: [Building C object CMakeFiles/cmTC_d4cfd.dir/CMakeCCompilerABI.c.o]
  ignore line: [/Applications/Xcode.app/Contents/Developer/Toolchains/XcodeDefault.xctoolchain/usr/bin/cc    -o CMakeFiles/cmTC_d4cfd.dir/CMakeCCompilerABI.c.o   -c /opt/local/share/cmake-3.3/Modules/CMakeCCompilerABI.c]
  ignore line: [Linking C executable cmTC_d4cfd]
  ignore line: [/opt/local/bin/cmake -E cmake_link_script CMakeFiles/cmTC_d4cfd.dir/link.txt --verbose=1]
  ignore line: [/Applications/Xcode.app/Contents/Developer/Toolchains/XcodeDefault.xctoolchain/usr/bin/cc    -Wl,-search_paths_first -Wl,-headerpad_max_install_names   -lz -v -Wl,-v CMakeFiles/cmTC_d4cfd.dir/CMakeCCompilerABI.c.o  -o cmTC_d4cfd   ]
  ignore line: [Apple LLVM version 7.0.0 (clang-700.0.72)]
  ignore line: [Target: x86_64-apple-darwin14.5.0]
  ignore line: [Thread model: posix]
  link line: [ "/Applications/Xcode.app/Contents/Developer/Toolchains/XcodeDefault.xctoolchain/usr/bin/ld" -demangle -dynamic -arch x86_64 -macosx_version_min 10.10.0 -o cmTC_d4cfd -search_paths_first -headerpad_max_install_names -lz -v CMakeFiles/cmTC_d4cfd.dir/CMakeCCompilerABI.c.o -lSystem /Applications/Xcode.app/Contents/Developer/Toolchains/XcodeDefault.xctoolchain/usr/bin/../lib/clang/7.0.0/lib/darwin/libclang_rt.osx.a]
    arg [/Applications/Xcode.app/Contents/Developer/Toolchains/XcodeDefault.xctoolchain/usr/bin/ld] ==> ignore
    arg [-demangle] ==> ignore
    arg [-dynamic] ==> ignore
    arg [-arch] ==> ignore
    arg [x86_64] ==> ignore
    arg [-macosx_version_min] ==> ignore
    arg [10.10.0] ==> ignore
    arg [-o] ==> ignore
    arg [cmTC_d4cfd] ==> ignore
    arg [-search_paths_first] ==> ignore
    arg [-headerpad_max_install_names] ==> ignore
    arg [-lz] ==> lib [z]
    arg [-v] ==> ignore
    arg [CMakeFiles/cmTC_d4cfd.dir/CMakeCCompilerABI.c.o] ==> ignore
    arg [-lSystem] ==> lib [System]
    arg [/Applications/Xcode.app/Contents/Developer/Toolchains/XcodeDefault.xctoolchain/usr/bin/../lib/clang/7.0.0/lib/darwin/libclang_rt.osx.a] ==> lib [/Applications/Xcode.app/Contents/Developer/Toolchains/XcodeDefault.xctoolchain/usr/bin/../lib/clang/7.0.0/lib/darwin/libclang_rt.osx.a]
  Library search paths: [;/usr/lib;/usr/local/lib]
  Framework search paths: [;/Library/Frameworks/;/System/Library/Frameworks/]
  remove lib [System]
  collapse lib [/Applications/Xcode.app/Contents/Developer/Toolchains/XcodeDefault.xctoolchain/usr/bin/../lib/clang/7.0.0/lib/darwin/libclang_rt.osx.a] ==> [/Applications/Xcode.app/Contents/Developer/Toolchains/XcodeDefault.xctoolchain/usr/lib/clang/7.0.0/lib/darwin/libclang_rt.osx.a]
  collapse library dir [/usr/lib] ==> [/usr/lib]
  collapse library dir [/usr/local/lib] ==> [/usr/local/lib]
  collapse framework dir [/Library/Frameworks/] ==> [/Library/Frameworks]
  collapse framework dir [/System/Library/Frameworks/] ==> [/System/Library/Frameworks]
  implicit libs: [z;/Applications/Xcode.app/Contents/Developer/Toolchains/XcodeDefault.xctoolchain/usr/lib/clang/7.0.0/lib/darwin/libclang_rt.osx.a]
  implicit dirs: [/usr/lib;/usr/local/lib]
  implicit fwks: [/Library/Frameworks;/System/Library/Frameworks]




Detecting C [-std=c11] compiler features compiled with the following output:
Change Dir: /Users/post/code/joshua/src/kenlm/CMakeFiles/CMakeTmp

Run Build Command:"/opt/local/bin/gmake" "cmTC_abfb3/fast"
/opt/local/bin/gmake -f CMakeFiles/cmTC_abfb3.dir/build.make CMakeFiles/cmTC_abfb3.dir/build
gmake[1]: Entering directory '/Users/post/code/joshua/src/kenlm/CMakeFiles/CMakeTmp'
Building C object CMakeFiles/cmTC_abfb3.dir/feature_tests.c.o
/Applications/Xcode.app/Contents/Developer/Toolchains/XcodeDefault.xctoolchain/usr/bin/cc   -std=c11 -o CMakeFiles/cmTC_abfb3.dir/feature_tests.c.o   -c /Users/post/code/joshua/src/kenlm/CMakeFiles/feature_tests.c
Linking C executable cmTC_abfb3
/opt/local/bin/cmake -E cmake_link_script CMakeFiles/cmTC_abfb3.dir/link.txt --verbose=1
/Applications/Xcode.app/Contents/Developer/Toolchains/XcodeDefault.xctoolchain/usr/bin/cc    -Wl,-search_paths_first -Wl,-headerpad_max_install_names   -lz  CMakeFiles/cmTC_abfb3.dir/feature_tests.c.o  -o cmTC_abfb3  
gmake[1]: Leaving directory '/Users/post/code/joshua/src/kenlm/CMakeFiles/CMakeTmp'


    Feature record: C_FEATURE:1c_function_prototypes
    Feature record: C_FEATURE:1c_restrict
    Feature record: C_FEATURE:1c_static_assert
    Feature record: C_FEATURE:1c_variadic_macros


Detecting C [-std=c99] compiler features compiled with the following output:
Change Dir: /Users/post/code/joshua/src/kenlm/CMakeFiles/CMakeTmp

Run Build Command:"/opt/local/bin/gmake" "cmTC_a7994/fast"
/opt/local/bin/gmake -f CMakeFiles/cmTC_a7994.dir/build.make CMakeFiles/cmTC_a7994.dir/build
gmake[1]: Entering directory '/Users/post/code/joshua/src/kenlm/CMakeFiles/CMakeTmp'
Building C object CMakeFiles/cmTC_a7994.dir/feature_tests.c.o
/Applications/Xcode.app/Contents/Developer/Toolchains/XcodeDefault.xctoolchain/usr/bin/cc   -std=c99 -o CMakeFiles/cmTC_a7994.dir/feature_tests.c.o   -c /Users/post/code/joshua/src/kenlm/CMakeFiles/feature_tests.c
Linking C executable cmTC_a7994
/opt/local/bin/cmake -E cmake_link_script CMakeFiles/cmTC_a7994.dir/link.txt --verbose=1
/Applications/Xcode.app/Contents/Developer/Toolchains/XcodeDefault.xctoolchain/usr/bin/cc    -Wl,-search_paths_first -Wl,-headerpad_max_install_names   -lz  CMakeFiles/cmTC_a7994.dir/feature_tests.c.o  -o cmTC_a7994  
gmake[1]: Leaving directory '/Users/post/code/joshua/src/kenlm/CMakeFiles/CMakeTmp'


    Feature record: C_FEATURE:1c_function_prototypes
    Feature record: C_FEATURE:1c_restrict
    Feature record: C_FEATURE:0c_static_assert
    Feature record: C_FEATURE:1c_variadic_macros


Detecting C [-std=c90] compiler features compiled with the following output:
Change Dir: /Users/post/code/joshua/src/kenlm/CMakeFiles/CMakeTmp

Run Build Command:"/opt/local/bin/gmake" "cmTC_e9dcf/fast"
/opt/local/bin/gmake -f CMakeFiles/cmTC_e9dcf.dir/build.make CMakeFiles/cmTC_e9dcf.dir/build
gmake[1]: Entering directory '/Users/post/code/joshua/src/kenlm/CMakeFiles/CMakeTmp'
Building C object CMakeFiles/cmTC_e9dcf.dir/feature_tests.c.o
/Applications/Xcode.app/Contents/Developer/Toolchains/XcodeDefault.xctoolchain/usr/bin/cc   -std=c90 -o CMakeFiles/cmTC_e9dcf.dir/feature_tests.c.o   -c /Users/post/code/joshua/src/kenlm/CMakeFiles/feature_tests.c
Linking C executable cmTC_e9dcf
/opt/local/bin/cmake -E cmake_link_script CMakeFiles/cmTC_e9dcf.dir/link.txt --verbose=1
/Applications/Xcode.app/Contents/Developer/Toolchains/XcodeDefault.xctoolchain/usr/bin/cc    -Wl,-search_paths_first -Wl,-headerpad_max_install_names   -lz  CMakeFiles/cmTC_e9dcf.dir/feature_tests.c.o  -o cmTC_e9dcf  
gmake[1]: Leaving directory '/Users/post/code/joshua/src/kenlm/CMakeFiles/CMakeTmp'


    Feature record: C_FEATURE:1c_function_prototypes
    Feature record: C_FEATURE:0c_restrict
    Feature record: C_FEATURE:0c_static_assert
    Feature record: C_FEATURE:0c_variadic_macros
Determining if the CXX compiler works passed with the following output:
Change Dir: /Users/post/code/joshua/src/kenlm/CMakeFiles/CMakeTmp

Run Build Command:"/opt/local/bin/gmake" "cmTC_7e8c1/fast"
/opt/local/bin/gmake -f CMakeFiles/cmTC_7e8c1.dir/build.make CMakeFiles/cmTC_7e8c1.dir/build
gmake[1]: Entering directory '/Users/post/code/joshua/src/kenlm/CMakeFiles/CMakeTmp'
Building CXX object CMakeFiles/cmTC_7e8c1.dir/testCXXCompiler.cxx.o
/Applications/Xcode.app/Contents/Developer/usr/bin/g++    -DNDEBUG -O3 -fPIC -DHAVE_ZLIB     -o CMakeFiles/cmTC_7e8c1.dir/testCXXCompiler.cxx.o -c /Users/post/code/joshua/src/kenlm/CMakeFiles/CMakeTmp/testCXXCompiler.cxx
Linking CXX executable cmTC_7e8c1
/opt/local/bin/cmake -E cmake_link_script CMakeFiles/cmTC_7e8c1.dir/link.txt --verbose=1
/Applications/Xcode.app/Contents/Developer/usr/bin/g++    -DNDEBUG -O3 -fPIC -DHAVE_ZLIB   -Wl,-search_paths_first -Wl,-headerpad_max_install_names   -lz  CMakeFiles/cmTC_7e8c1.dir/testCXXCompiler.cxx.o  -o cmTC_7e8c1  
gmake[1]: Leaving directory '/Users/post/code/joshua/src/kenlm/CMakeFiles/CMakeTmp'


Detecting CXX compiler ABI info compiled with the following output:
Change Dir: /Users/post/code/joshua/src/kenlm/CMakeFiles/CMakeTmp

Run Build Command:"/opt/local/bin/gmake" "cmTC_466e3/fast"
/opt/local/bin/gmake -f CMakeFiles/cmTC_466e3.dir/build.make CMakeFiles/cmTC_466e3.dir/build
gmake[1]: Entering directory '/Users/post/code/joshua/src/kenlm/CMakeFiles/CMakeTmp'
Building CXX object CMakeFiles/cmTC_466e3.dir/CMakeCXXCompilerABI.cpp.o
/Applications/Xcode.app/Contents/Developer/usr/bin/g++    -DNDEBUG -O3 -fPIC -DHAVE_ZLIB     -o CMakeFiles/cmTC_466e3.dir/CMakeCXXCompilerABI.cpp.o -c /opt/local/share/cmake-3.3/Modules/CMakeCXXCompilerABI.cpp
Linking CXX executable cmTC_466e3
/opt/local/bin/cmake -E cmake_link_script CMakeFiles/cmTC_466e3.dir/link.txt --verbose=1
/Applications/Xcode.app/Contents/Developer/usr/bin/g++    -DNDEBUG -O3 -fPIC -DHAVE_ZLIB   -Wl,-search_paths_first -Wl,-headerpad_max_install_names   -lz -v -Wl,-v CMakeFiles/cmTC_466e3.dir/CMakeCXXCompilerABI.cpp.o  -o cmTC_466e3   
Apple LLVM version 7.0.0 (clang-700.0.72)
Target: x86_64-apple-darwin14.5.0
Thread model: posix
 "/Applications/Xcode.app/Contents/Developer/Toolchains/XcodeDefault.xctoolchain/usr/bin/ld" -demangle -dynamic -arch x86_64 -macosx_version_min 10.10.0 -o cmTC_466e3 -search_paths_first -headerpad_max_install_names -lz -v CMakeFiles/cmTC_466e3.dir/CMakeCXXCompilerABI.cpp.o -lc++ -lSystem /Applications/Xcode.app/Contents/Developer/Toolchains/XcodeDefault.xctoolchain/usr/bin/../lib/clang/7.0.0/lib/darwin/libclang_rt.osx.a
@(#)PROGRAM:ld  PROJECT:ld64-253.3
configured to support archs: armv6 armv7 armv7s arm64 i386 x86_64 x86_64h armv6m armv7k armv7m armv7em
Library search paths:
	/usr/lib
	/usr/local/lib
Framework search paths:
	/Library/Frameworks/
	/System/Library/Frameworks/
gmake[1]: Leaving directory '/Users/post/code/joshua/src/kenlm/CMakeFiles/CMakeTmp'


Parsed CXX implicit link information from above output:
  link line regex: [^( *|.*[/\])(ld|([^/\]+-)?ld|collect2)[^/\]*( |$)]
  ignore line: [Change Dir: /Users/post/code/joshua/src/kenlm/CMakeFiles/CMakeTmp]
  ignore line: []
  ignore line: [Run Build Command:"/opt/local/bin/gmake" "cmTC_466e3/fast"]
  ignore line: [/opt/local/bin/gmake -f CMakeFiles/cmTC_466e3.dir/build.make CMakeFiles/cmTC_466e3.dir/build]
  ignore line: [gmake[1]: Entering directory '/Users/post/code/joshua/src/kenlm/CMakeFiles/CMakeTmp']
  ignore line: [Building CXX object CMakeFiles/cmTC_466e3.dir/CMakeCXXCompilerABI.cpp.o]
  ignore line: [/Applications/Xcode.app/Contents/Developer/usr/bin/g++    -DNDEBUG -O3 -fPIC -DHAVE_ZLIB     -o CMakeFiles/cmTC_466e3.dir/CMakeCXXCompilerABI.cpp.o -c /opt/local/share/cmake-3.3/Modules/CMakeCXXCompilerABI.cpp]
  ignore line: [Linking CXX executable cmTC_466e3]
  ignore line: [/opt/local/bin/cmake -E cmake_link_script CMakeFiles/cmTC_466e3.dir/link.txt --verbose=1]
  ignore line: [/Applications/Xcode.app/Contents/Developer/usr/bin/g++    -DNDEBUG -O3 -fPIC -DHAVE_ZLIB   -Wl,-search_paths_first -Wl,-headerpad_max_install_names   -lz -v -Wl,-v CMakeFiles/cmTC_466e3.dir/CMakeCXXCompilerABI.cpp.o  -o cmTC_466e3   ]
  ignore line: [Apple LLVM version 7.0.0 (clang-700.0.72)]
  ignore line: [Target: x86_64-apple-darwin14.5.0]
  ignore line: [Thread model: posix]
  link line: [ "/Applications/Xcode.app/Contents/Developer/Toolchains/XcodeDefault.xctoolchain/usr/bin/ld" -demangle -dynamic -arch x86_64 -macosx_version_min 10.10.0 -o cmTC_466e3 -search_paths_first -headerpad_max_install_names -lz -v CMakeFiles/cmTC_466e3.dir/CMakeCXXCompilerABI.cpp.o -lc++ -lSystem /Applications/Xcode.app/Contents/Developer/Toolchains/XcodeDefault.xctoolchain/usr/bin/../lib/clang/7.0.0/lib/darwin/libclang_rt.osx.a]
    arg [/Applications/Xcode.app/Contents/Developer/Toolchains/XcodeDefault.xctoolchain/usr/bin/ld] ==> ignore
    arg [-demangle] ==> ignore
    arg [-dynamic] ==> ignore
    arg [-arch] ==> ignore
    arg [x86_64] ==> ignore
    arg [-macosx_version_min] ==> ignore
    arg [10.10.0] ==> ignore
    arg [-o] ==> ignore
    arg [cmTC_466e3] ==> ignore
    arg [-search_paths_first] ==> ignore
    arg [-headerpad_max_install_names] ==> ignore
    arg [-lz] ==> lib [z]
    arg [-v] ==> ignore
    arg [CMakeFiles/cmTC_466e3.dir/CMakeCXXCompilerABI.cpp.o] ==> ignore
    arg [-lc++] ==> lib [c++]
    arg [-lSystem] ==> lib [System]
    arg [/Applications/Xcode.app/Contents/Developer/Toolchains/XcodeDefault.xctoolchain/usr/bin/../lib/clang/7.0.0/lib/darwin/libclang_rt.osx.a] ==> lib [/Applications/Xcode.app/Contents/Developer/Toolchains/XcodeDefault.xctoolchain/usr/bin/../lib/clang/7.0.0/lib/darwin/libclang_rt.osx.a]
  Library search paths: [;/usr/lib;/usr/local/lib]
  Framework search paths: [;/Library/Frameworks/;/System/Library/Frameworks/]
  remove lib [System]
  collapse lib [/Applications/Xcode.app/Contents/Developer/Toolchains/XcodeDefault.xctoolchain/usr/bin/../lib/clang/7.0.0/lib/darwin/libclang_rt.osx.a] ==> [/Applications/Xcode.app/Contents/Developer/Toolchains/XcodeDefault.xctoolchain/usr/lib/clang/7.0.0/lib/darwin/libclang_rt.osx.a]
  collapse library dir [/usr/lib] ==> [/usr/lib]
  collapse library dir [/usr/local/lib] ==> [/usr/local/lib]
  collapse framework dir [/Library/Frameworks/] ==> [/Library/Frameworks]
  collapse framework dir [/System/Library/Frameworks/] ==> [/System/Library/Frameworks]
  implicit libs: [z;c++;/Applications/Xcode.app/Contents/Developer/Toolchains/XcodeDefault.xctoolchain/usr/lib/clang/7.0.0/lib/darwin/libclang_rt.osx.a]
  implicit dirs: [/usr/lib;/usr/local/lib]
  implicit fwks: [/Library/Frameworks;/System/Library/Frameworks]




Detecting CXX [-std=c++1y] compiler features compiled with the following output:
Change Dir: /Users/post/code/joshua/src/kenlm/CMakeFiles/CMakeTmp

Run Build Command:"/opt/local/bin/gmake" "cmTC_cc014/fast"
/opt/local/bin/gmake -f CMakeFiles/cmTC_cc014.dir/build.make CMakeFiles/cmTC_cc014.dir/build
gmake[1]: Entering directory '/Users/post/code/joshua/src/kenlm/CMakeFiles/CMakeTmp'
Building CXX object CMakeFiles/cmTC_cc014.dir/feature_tests.cxx.o
/Applications/Xcode.app/Contents/Developer/usr/bin/g++    -DNDEBUG -O3 -fPIC -DHAVE_ZLIB     -std=c++1y -o CMakeFiles/cmTC_cc014.dir/feature_tests.cxx.o -c /Users/post/code/joshua/src/kenlm/CMakeFiles/feature_tests.cxx
Linking CXX executable cmTC_cc014
/opt/local/bin/cmake -E cmake_link_script CMakeFiles/cmTC_cc014.dir/link.txt --verbose=1
/Applications/Xcode.app/Contents/Developer/usr/bin/g++    -DNDEBUG -O3 -fPIC -DHAVE_ZLIB   -Wl,-search_paths_first -Wl,-headerpad_max_install_names   -lz  CMakeFiles/cmTC_cc014.dir/feature_tests.cxx.o  -o cmTC_cc014  
gmake[1]: Leaving directory '/Users/post/code/joshua/src/kenlm/CMakeFiles/CMakeTmp'


    Feature record: CXX_FEATURE:1cxx_aggregate_default_initializers
    Feature record: CXX_FEATURE:1cxx_alias_templates
    Feature record: CXX_FEATURE:1cxx_alignas
    Feature record: CXX_FEATURE:1cxx_alignof
    Feature record: CXX_FEATURE:1cxx_attributes
    Feature record: CXX_FEATURE:1cxx_attribute_deprecated
    Feature record: CXX_FEATURE:1cxx_auto_type
    Feature record: CXX_FEATURE:1cxx_binary_literals
    Feature record: CXX_FEATURE:1cxx_constexpr
    Feature record: CXX_FEATURE:1cxx_contextual_conversions
    Feature record: CXX_FEATURE:1cxx_decltype
    Feature record: CXX_FEATURE:1cxx_decltype_auto
    Feature record: CXX_FEATURE:1cxx_decltype_incomplete_return_types
    Feature record: CXX_FEATURE:1cxx_default_function_template_args
    Feature record: CXX_FEATURE:1cxx_defaulted_functions
    Feature record: CXX_FEATURE:1cxx_defaulted_move_initializers
    Feature record: CXX_FEATURE:1cxx_delegating_constructors
    Feature record: CXX_FEATURE:1cxx_deleted_functions
    Feature record: CXX_FEATURE:1cxx_digit_separators
    Feature record: CXX_FEATURE:1cxx_enum_forward_declarations
    Feature record: CXX_FEATURE:1cxx_explicit_conversions
    Feature record: CXX_FEATURE:1cxx_extended_friend_declarations
    Feature record: CXX_FEATURE:1cxx_extern_templates
    Feature record: CXX_FEATURE:1cxx_final
    Feature record: CXX_FEATURE:1cxx_func_identifier
    Feature record: CXX_FEATURE:1cxx_generalized_initializers
    Feature record: CXX_FEATURE:1cxx_generic_lambdas
    Feature record: CXX_FEATURE:1cxx_inheriting_constructors
    Feature record: CXX_FEATURE:1cxx_inline_namespaces
    Feature record: CXX_FEATURE:1cxx_lambdas
    Feature record: CXX_FEATURE:1cxx_lambda_init_captures
    Feature record: CXX_FEATURE:1cxx_local_type_template_args
    Feature record: CXX_FEATURE:1cxx_long_long_type
    Feature record: CXX_FEATURE:1cxx_noexcept
    Feature record: CXX_FEATURE:1cxx_nonstatic_member_init
    Feature record: CXX_FEATURE:1cxx_nullptr
    Feature record: CXX_FEATURE:1cxx_override
    Feature record: CXX_FEATURE:1cxx_range_for
    Feature record: CXX_FEATURE:1cxx_raw_string_literals
    Feature record: CXX_FEATURE:1cxx_reference_qualified_functions
    Feature record: CXX_FEATURE:1cxx_relaxed_constexpr
    Feature record: CXX_FEATURE:1cxx_return_type_deduction
    Feature record: CXX_FEATURE:1cxx_right_angle_brackets
    Feature record: CXX_FEATURE:1cxx_rvalue_references
    Feature record: CXX_FEATURE:1cxx_sizeof_member
    Feature record: CXX_FEATURE:1cxx_static_assert
    Feature record: CXX_FEATURE:1cxx_strong_enums
    Feature record: CXX_FEATURE:1cxx_template_template_parameters
    Feature record: CXX_FEATURE:0cxx_thread_local
    Feature record: CXX_FEATURE:1cxx_trailing_return_types
    Feature record: CXX_FEATURE:1cxx_unicode_literals
    Feature record: CXX_FEATURE:1cxx_uniform_initialization
    Feature record: CXX_FEATURE:1cxx_unrestricted_unions
    Feature record: CXX_FEATURE:1cxx_user_literals
    Feature record: CXX_FEATURE:1cxx_variable_templates
    Feature record: CXX_FEATURE:1cxx_variadic_macros
    Feature record: CXX_FEATURE:1cxx_variadic_templates


Detecting CXX [-std=c++11] compiler features compiled with the following output:
Change Dir: /Users/post/code/joshua/src/kenlm/CMakeFiles/CMakeTmp

Run Build Command:"/opt/local/bin/gmake" "cmTC_010e4/fast"
/opt/local/bin/gmake -f CMakeFiles/cmTC_010e4.dir/build.make CMakeFiles/cmTC_010e4.dir/build
gmake[1]: Entering directory '/Users/post/code/joshua/src/kenlm/CMakeFiles/CMakeTmp'
Building CXX object CMakeFiles/cmTC_010e4.dir/feature_tests.cxx.o
/Applications/Xcode.app/Contents/Developer/usr/bin/g++    -DNDEBUG -O3 -fPIC -DHAVE_ZLIB     -std=c++11 -o CMakeFiles/cmTC_010e4.dir/feature_tests.cxx.o -c /Users/post/code/joshua/src/kenlm/CMakeFiles/feature_tests.cxx
Linking CXX executable cmTC_010e4
/opt/local/bin/cmake -E cmake_link_script CMakeFiles/cmTC_010e4.dir/link.txt --verbose=1
/Applications/Xcode.app/Contents/Developer/usr/bin/g++    -DNDEBUG -O3 -fPIC -DHAVE_ZLIB   -Wl,-search_paths_first -Wl,-headerpad_max_install_names   -lz  CMakeFiles/cmTC_010e4.dir/feature_tests.cxx.o  -o cmTC_010e4  
gmake[1]: Leaving directory '/Users/post/code/joshua/src/kenlm/CMakeFiles/CMakeTmp'


    Feature record: CXX_FEATURE:0cxx_aggregate_default_initializers
    Feature record: CXX_FEATURE:1cxx_alias_templates
    Feature record: CXX_FEATURE:1cxx_alignas
    Feature record: CXX_FEATURE:1cxx_alignof
    Feature record: CXX_FEATURE:1cxx_attributes
    Feature record: CXX_FEATURE:0cxx_attribute_deprecated
    Feature record: CXX_FEATURE:1cxx_auto_type
    Feature record: CXX_FEATURE:0cxx_binary_literals
    Feature record: CXX_FEATURE:1cxx_constexpr
    Feature record: CXX_FEATURE:0cxx_contextual_conversions
    Feature record: CXX_FEATURE:1cxx_decltype
    Feature record: CXX_FEATURE:0cxx_decltype_auto
    Feature record: CXX_FEATURE:1cxx_decltype_incomplete_return_types
    Feature record: CXX_FEATURE:1cxx_default_function_template_args
    Feature record: CXX_FEATURE:1cxx_defaulted_functions
    Feature record: CXX_FEATURE:1cxx_defaulted_move_initializers
    Feature record: CXX_FEATURE:1cxx_delegating_constructors
    Feature record: CXX_FEATURE:1cxx_deleted_functions
    Feature record: CXX_FEATURE:0cxx_digit_separators
    Feature record: CXX_FEATURE:1cxx_enum_forward_declarations
    Feature record: CXX_FEATURE:1cxx_explicit_conversions
    Feature record: CXX_FEATURE:1cxx_extended_friend_declarations
    Feature record: CXX_FEATURE:1cxx_extern_templates
    Feature record: CXX_FEATURE:1cxx_final
    Feature record: CXX_FEATURE:1cxx_func_identifier
    Feature record: CXX_FEATURE:1cxx_generalized_initializers
    Feature record: CXX_FEATURE:0cxx_generic_lambdas
    Feature record: CXX_FEATURE:1cxx_inheriting_constructors
    Feature record: CXX_FEATURE:1cxx_inline_namespaces
    Feature record: CXX_FEATURE:1cxx_lambdas
    Feature record: CXX_FEATURE:0cxx_lambda_init_captures
    Feature record: CXX_FEATURE:1cxx_local_type_template_args
    Feature record: CXX_FEATURE:1cxx_long_long_type
    Feature record: CXX_FEATURE:1cxx_noexcept
    Feature record: CXX_FEATURE:1cxx_nonstatic_member_init
    Feature record: CXX_FEATURE:1cxx_nullptr
    Feature record: CXX_FEATURE:1cxx_override
    Feature record: CXX_FEATURE:1cxx_range_for
    Feature record: CXX_FEATURE:1cxx_raw_string_literals
    Feature record: CXX_FEATURE:1cxx_reference_qualified_functions
    Feature record: CXX_FEATURE:0cxx_relaxed_constexpr
    Feature record: CXX_FEATURE:0cxx_return_type_deduction
    Feature record: CXX_FEATURE:1cxx_right_angle_brackets
    Feature record: CXX_FEATURE:1cxx_rvalue_references
    Feature record: CXX_FEATURE:1cxx_sizeof_member
    Feature record: CXX_FEATURE:1cxx_static_assert
    Feature record: CXX_FEATURE:1cxx_strong_enums
    Feature record: CXX_FEATURE:1cxx_template_template_parameters
    Feature record: CXX_FEATURE:0cxx_thread_local
    Feature record: CXX_FEATURE:1cxx_trailing_return_types
    Feature record: CXX_FEATURE:1cxx_unicode_literals
    Feature record: CXX_FEATURE:1cxx_uniform_initialization
    Feature record: CXX_FEATURE:1cxx_unrestricted_unions
    Feature record: CXX_FEATURE:1cxx_user_literals
    Feature record: CXX_FEATURE:0cxx_variable_templates
    Feature record: CXX_FEATURE:1cxx_variadic_macros
    Feature record: CXX_FEATURE:1cxx_variadic_templates


Detecting CXX [-std=c++98] compiler features compiled with the following output:
Change Dir: /Users/post/code/joshua/src/kenlm/CMakeFiles/CMakeTmp

Run Build Command:"/opt/local/bin/gmake" "cmTC_d2b9a/fast"
/opt/local/bin/gmake -f CMakeFiles/cmTC_d2b9a.dir/build.make CMakeFiles/cmTC_d2b9a.dir/build
gmake[1]: Entering directory '/Users/post/code/joshua/src/kenlm/CMakeFiles/CMakeTmp'
Building CXX object CMakeFiles/cmTC_d2b9a.dir/feature_tests.cxx.o
/Applications/Xcode.app/Contents/Developer/usr/bin/g++    -DNDEBUG -O3 -fPIC -DHAVE_ZLIB     -std=c++98 -o CMakeFiles/cmTC_d2b9a.dir/feature_tests.cxx.o -c /Users/post/code/joshua/src/kenlm/CMakeFiles/feature_tests.cxx
Linking CXX executable cmTC_d2b9a
/opt/local/bin/cmake -E cmake_link_script CMakeFiles/cmTC_d2b9a.dir/link.txt --verbose=1
/Applications/Xcode.app/Contents/Developer/usr/bin/g++    -DNDEBUG -O3 -fPIC -DHAVE_ZLIB   -Wl,-search_paths_first -Wl,-headerpad_max_install_names   -lz  CMakeFiles/cmTC_d2b9a.dir/feature_tests.cxx.o  -o cmTC_d2b9a  
gmake[1]: Leaving directory '/Users/post/code/joshua/src/kenlm/CMakeFiles/CMakeTmp'


    Feature record: CXX_FEATURE:0cxx_aggregate_default_initializers
    Feature record: CXX_FEATURE:0cxx_alias_templates
    Feature record: CXX_FEATURE:0cxx_alignas
    Feature record: CXX_FEATURE:0cxx_alignof
    Feature record: CXX_FEATURE:0cxx_attributes
    Feature record: CXX_FEATURE:0cxx_attribute_deprecated
    Feature record: CXX_FEATURE:0cxx_auto_type
    Feature record: CXX_FEATURE:0cxx_binary_literals
    Feature record: CXX_FEATURE:0cxx_constexpr
    Feature record: CXX_FEATURE:0cxx_contextual_conversions
    Feature record: CXX_FEATURE:0cxx_decltype
    Feature record: CXX_FEATURE:0cxx_decltype_auto
    Feature record: CXX_FEATURE:0cxx_decltype_incomplete_return_types
    Feature record: CXX_FEATURE:0cxx_default_function_template_args
    Feature record: CXX_FEATURE:0cxx_defaulted_functions
    Feature record: CXX_FEATURE:0cxx_defaulted_move_initializers
    Feature record: CXX_FEATURE:0cxx_delegating_constructors
    Feature record: CXX_FEATURE:0cxx_deleted_functions
    Feature record: CXX_FEATURE:0cxx_digit_separators
    Feature record: CXX_FEATURE:0cxx_enum_forward_declarations
    Feature record: CXX_FEATURE:0cxx_explicit_conversions
    Feature record: CXX_FEATURE:0cxx_extended_friend_declarations
    Feature record: CXX_FEATURE:0cxx_extern_templates
    Feature record: CXX_FEATURE:0cxx_final
    Feature record: CXX_FEATURE:0cxx_func_identifier
    Feature record: CXX_FEATURE:0cxx_generalized_initializers
    Feature record: CXX_FEATURE:0cxx_generic_lambdas
    Feature record: CXX_FEATURE:0cxx_inheriting_constructors
    Feature record: CXX_FEATURE:0cxx_inline_namespaces
    Feature record: CXX_FEATURE:0cxx_lambdas
    Feature record: CXX_FEATURE:0cxx_lambda_init_captures
    Feature record: CXX_FEATURE:0cxx_local_type_template_args
    Feature record: CXX_FEATURE:0cxx_long_long_type
    Feature record: CXX_FEATURE:0cxx_noexcept
    Feature record: CXX_FEATURE:0cxx_nonstatic_member_init
    Feature record: CXX_FEATURE:0cxx_nullptr
    Feature record: CXX_FEATURE:0cxx_override
    Feature record: CXX_FEATURE:0cxx_range_for
    Feature record: CXX_FEATURE:0cxx_raw_string_literals
    Feature record: CXX_FEATURE:0cxx_reference_qualified_functions
    Feature record: CXX_FEATURE:0cxx_relaxed_constexpr
    Feature record: CXX_FEATURE:0cxx_return_type_deduction
    Feature record: CXX_FEATURE:0cxx_right_angle_brackets
    Feature record: CXX_FEATURE:0cxx_rvalue_references
    Feature record: CXX_FEATURE:0cxx_sizeof_member
    Feature record: CXX_FEATURE:0cxx_static_assert
    Feature record: CXX_FEATURE:0cxx_strong_enums
    Feature record: CXX_FEATURE:1cxx_template_template_parameters
    Feature record: CXX_FEATURE:0cxx_thread_local
    Feature record: CXX_FEATURE:0cxx_trailing_return_types
    Feature record: CXX_FEATURE:0cxx_unicode_literals
    Feature record: CXX_FEATURE:0cxx_uniform_initialization
    Feature record: CXX_FEATURE:0cxx_unrestricted_unions
    Feature record: CXX_FEATURE:0cxx_user_literals
    Feature record: CXX_FEATURE:0cxx_variable_templates
    Feature record: CXX_FEATURE:0cxx_variadic_macros
    Feature record: CXX_FEATURE:0cxx_variadic_templates
